<?xml version="1.0" encoding="UTF-8"?>
<!-- Generated by org.testng.reporters.JUnitReportReporter -->
<testsuite ignored="0" hostname="DEXI" failures="0" tests="1" name="NewTest" time="3.038" errors="0" timestamp="04 sept. 2021 12:51:36 GMT" skipped="0">
  <testcase classname="NewTest" name="f" time="3.038"/>
</testsuite> <!-- NewTest -->
